<?xml version="1.0" encoding="UTF-8"?>
<!-- Generated by org.testng.reporters.JUnitReportReporter -->
<testsuite hostname="GAJENDRA-LAPTOP" failures="0" tests="1" name="browserStackIntegration.BrowserStackTest" time="28.927" errors="0" timestamp="2024-06-17T15:05:15 IST" skipped="0">
  <testcase classname="browserStackIntegration.BrowserStackTest" name="loadBrowser" time="28.927"/>
  <system-out/>
</testsuite> <!-- browserStackIntegration.BrowserStackTest -->
